Using pre-set license
Built from '2020.3/staging' branch; Version is '2020.3.5f1 (8095aa901b9b) revision 8426922'; Using compiler version '192528614'; Build Type 'Release'
OS: 'Windows 10 Education; OS build 19042.985; Version 2009; 64bit' Language: 'en' Physical Memory: 8097 MB
BatchMode: 1, IsHumanControllingUs: 0, StartBugReporterOnCrash: 0, Is64bit: 1, IsPro: 0

 COMMAND LINE ARGUMENTS:
C:\Program Files\Unity\Hub\Editor\2020.3.5f1\Editor\Unity.exe
-adb2
-batchMode
-noUpm
-name
AssetImportWorker1
-projectPath
E:/dev/Unity/2D Game
-logFile
Logs/AssetImportWorker1.log
-srvPort
51828
Successfully changed project path to: E:/dev/Unity/2D Game
E:/dev/Unity/2D Game
Using Asset Import Pipeline V2.
Refreshing native plugins compatible for Editor in 152.73 ms, found 1 plugins.
Preloading 0 native plugins for Editor in 0.00 ms.
Initialize engine version: 2020.3.5f1 (8095aa901b9b)
[Subsystems] Discovering subsystems at path C:/Program Files/Unity/Hub/Editor/2020.3.5f1/Editor/Data/Resources/UnitySubsystems
[Subsystems] Discovering subsystems at path E:/dev/Unity/2D Game/Assets
GfxDevice: creating device client; threaded=0
Direct3D:
    Version:  Direct3D 11.0 [level 11.1]
    Renderer: Intel(R) HD Graphics 4600 (ID=0x416)
    Vendor:   
    VRAM:     2048 MB
    Driver:   20.19.15.4835
Initialize mono
Mono path[0] = 'C:/Program Files/Unity/Hub/Editor/2020.3.5f1/Editor/Data/Managed'
Mono path[1] = 'C:/Program Files/Unity/Hub/Editor/2020.3.5f1/Editor/Data/MonoBleedingEdge/lib/mono/unityjit'
Mono config path = 'C:/Program Files/Unity/Hub/Editor/2020.3.5f1/Editor/Data/MonoBleedingEdge/etc'
Using monoOptions --debugger-agent=transport=dt_socket,embedding=1,server=y,suspend=n,address=127.0.0.1:56492
Begin MonoManager ReloadAssembly
Registering precompiled unity dll's ...
Register platform support module: C:/Program Files/Unity/Hub/Editor/2020.3.5f1/Editor/Data/PlaybackEngines/WebGLSupport/UnityEditor.WebGL.Extensions.dll
Register platform support module: C:/Program Files/Unity/Hub/Editor/2020.3.5f1/Editor/Data/PlaybackEngines/WindowsStandaloneSupport/UnityEditor.WindowsStandalone.Extensions.dll
Registered in 0.005301 seconds.
Native extension for WindowsStandalone target not found
Native extension for WebGL target not found
Refreshing native plugins compatible for Editor in 106.14 ms, found 1 plugins.
Preloading 0 native plugins for Editor in 0.00 ms.
Mono: successfully reloaded assembly
- Completed reload, in  4.525 seconds
Platform modules already initialized, skipping
Registering precompiled user dll's ...
Registered in 0.001033 seconds.
Begin MonoManager ReloadAssembly
Native extension for WindowsStandalone target not found
Native extension for WebGL target not found
Refreshing native plugins compatible for Editor in 77.53 ms, found 1 plugins.
Preloading 0 native plugins for Editor in 0.00 ms.
Mono: successfully reloaded assembly
- Completed reload, in  4.165 seconds
Platform modules already initialized, skipping
========================================================================
Worker process is ready to serve import requests
Launched and connected shader compiler UnityShaderCompiler.exe after 0.65 seconds
Refreshing native plugins compatible for Editor in 0.94 ms, found 1 plugins.
Preloading 0 native plugins for Editor in 0.00 ms.
Unloading 1815 Unused Serialized files (Serialized files now loaded: 0)
System memory in use before: 86.5 MB.
System memory in use after: 86.4 MB.

Unloading 23 unused Assets to reduce memory usage. Loaded Objects now: 2260.
Total: 24.966300 ms (FindLiveObjects: 11.224400 ms CreateObjectMapping: 5.891000 ms MarkObjects: 7.555500 ms  DeleteObjects: 0.291900 ms)

========================================================================
Received Import Request.
  path: Assets/Materials/BackgroundShader.shader
  artifactKey: Guid(bf3c25473466b4244a98edda7a0f932f) Importer(815301076,1909f56bfc062723c751e8b465ee728b)
Start importing Assets/Materials/BackgroundShader.shader using Guid(bf3c25473466b4244a98edda7a0f932f) Importer(815301076,1909f56bfc062723c751e8b465ee728b)  -> (artifact id: '238210e25fab7e0ba0c9c0122b5029d1') in 0.119897 seconds
  Import took 0.129025 seconds .

========================================================================
Received Prepare
Refreshing native plugins compatible for Editor in 3.12 ms, found 1 plugins.
Preloading 0 native plugins for Editor in 0.00 ms.
Unloading 10 Unused Serialized files (Serialized files now loaded: 0)
System memory in use before: 50.4 MB.
System memory in use after: 50.4 MB.

Unloading 10 unused Assets to reduce memory usage. Loaded Objects now: 2260.
Total: 6.449800 ms (FindLiveObjects: 0.291100 ms CreateObjectMapping: 0.106500 ms MarkObjects: 5.913200 ms  DeleteObjects: 0.137100 ms)

========================================================================
Received Import Request.
  Time since last request: 48.473011 seconds.
  path: Assets/Enemy.prefab
  artifactKey: Guid(524ba6557445cf542a5cb7675772f4a9) Importer(815301076,1909f56bfc062723c751e8b465ee728b)
Start importing Assets/Enemy.prefab using Guid(524ba6557445cf542a5cb7675772f4a9) Importer(815301076,1909f56bfc062723c751e8b465ee728b)  -> (artifact id: 'bb7ee1080c9dc3fe6997c57e63d6c682') in 0.383942 seconds
  Import took 0.405267 seconds .

========================================================================
Received Prepare
Registering precompiled user dll's ...
Registered in 0.008182 seconds.
Begin MonoManager ReloadAssembly
Native extension for WindowsStandalone target not found
Native extension for WebGL target not found
Refreshing native plugins compatible for Editor in 1.02 ms, found 1 plugins.
Preloading 0 native plugins for Editor in 0.00 ms.
Mono: successfully reloaded assembly
- Completed reload, in  3.806 seconds
Platform modules already initialized, skipping
Refreshing native plugins compatible for Editor in 1.26 ms, found 1 plugins.
Preloading 0 native plugins for Editor in 0.00 ms.
Unloading 1807 Unused Serialized files (Serialized files now loaded: 0)
System memory in use before: 89.2 MB.
System memory in use after: 89.2 MB.

Unloading 12 unused Assets to reduce memory usage. Loaded Objects now: 2271.
Total: 68.691500 ms (FindLiveObjects: 1.727500 ms CreateObjectMapping: 0.316900 ms MarkObjects: 66.439900 ms  DeleteObjects: 0.202200 ms)

========================================================================
Received Prepare
Registering precompiled user dll's ...
Registered in 0.000998 seconds.
Begin MonoManager ReloadAssembly
Native extension for WindowsStandalone target not found
Native extension for WebGL target not found
Refreshing native plugins compatible for Editor in 0.47 ms, found 1 plugins.
Preloading 0 native plugins for Editor in 0.00 ms.
Mono: successfully reloaded assembly
- Completed reload, in  2.362 seconds
Platform modules already initialized, skipping
Refreshing native plugins compatible for Editor in 0.68 ms, found 1 plugins.
Preloading 0 native plugins for Editor in 0.00 ms.
Unloading 1807 Unused Serialized files (Serialized files now loaded: 0)
System memory in use before: 89.3 MB.
System memory in use after: 89.3 MB.

Unloading 12 unused Assets to reduce memory usage. Loaded Objects now: 2275.
Total: 3.115800 ms (FindLiveObjects: 0.226700 ms CreateObjectMapping: 0.103800 ms MarkObjects: 2.636700 ms  DeleteObjects: 0.146900 ms)

========================================================================
Received Import Request.
  Time since last request: 78.023159 seconds.
  path: Assets/Bullet.prefab
  artifactKey: Guid(7e8cd96f247faf947839b6af4046af16) Importer(815301076,1909f56bfc062723c751e8b465ee728b)
Start importing Assets/Bullet.prefab using Guid(7e8cd96f247faf947839b6af4046af16) Importer(815301076,1909f56bfc062723c751e8b465ee728b)  -> (artifact id: 'b20bff8b662c021c8df549c45d345eb9') in 0.302704 seconds
  Import took 0.312727 seconds .

========================================================================
Received Prepare
Registering precompiled user dll's ...
Registered in 0.007051 seconds.
Begin MonoManager ReloadAssembly
Native extension for WindowsStandalone target not found
Native extension for WebGL target not found
Refreshing native plugins compatible for Editor in 1.13 ms, found 1 plugins.
Preloading 0 native plugins for Editor in 0.00 ms.
Mono: successfully reloaded assembly
- Completed reload, in  3.239 seconds
Platform modules already initialized, skipping
Refreshing native plugins compatible for Editor in 84.75 ms, found 1 plugins.
Preloading 0 native plugins for Editor in 0.00 ms.
Unloading 1807 Unused Serialized files (Serialized files now loaded: 0)
System memory in use before: 89.3 MB.
System memory in use after: 89.3 MB.

Unloading 12 unused Assets to reduce memory usage. Loaded Objects now: 2280.
Total: 36.492800 ms (FindLiveObjects: 6.394900 ms CreateObjectMapping: 0.737900 ms MarkObjects: 24.416300 ms  DeleteObjects: 4.939100 ms)

========================================================================
Received Prepare
Registering precompiled user dll's ...
Registered in 0.004550 seconds.
Begin MonoManager ReloadAssembly
Native extension for WindowsStandalone target not found
Native extension for WebGL target not found
Refreshing native plugins compatible for Editor in 0.40 ms, found 1 plugins.
Preloading 0 native plugins for Editor in 0.00 ms.
Mono: successfully reloaded assembly
- Completed reload, in  1.677 seconds
Platform modules already initialized, skipping
Refreshing native plugins compatible for Editor in 0.74 ms, found 1 plugins.
Preloading 0 native plugins for Editor in 0.00 ms.
Unloading 1807 Unused Serialized files (Serialized files now loaded: 0)
System memory in use before: 89.3 MB.
System memory in use after: 89.3 MB.

Unloading 12 unused Assets to reduce memory usage. Loaded Objects now: 2284.
Total: 2.987900 ms (FindLiveObjects: 0.266200 ms CreateObjectMapping: 0.212300 ms MarkObjects: 2.286600 ms  DeleteObjects: 0.220600 ms)

========================================================================
Received Import Request.
  Time since last request: 629.330612 seconds.
  path: Assets/RainbowGradient.shader
  artifactKey: Guid(b4c10598ce2cfd447bd70a43cfde3230) Importer(815301076,1909f56bfc062723c751e8b465ee728b)
Start importing Assets/RainbowGradient.shader using Guid(b4c10598ce2cfd447bd70a43cfde3230) Importer(815301076,1909f56bfc062723c751e8b465ee728b)  -> (artifact id: '706bb2b3f6c63bd9d577e380543f61e1') in 0.071283 seconds
  Import took 0.080424 seconds .

========================================================================
Received Prepare
Registering precompiled user dll's ...
Registered in 0.009484 seconds.
Begin MonoManager ReloadAssembly
Native extension for WindowsStandalone target not found
Native extension for WebGL target not found
Refreshing native plugins compatible for Editor in 2.89 ms, found 1 plugins.
Preloading 0 native plugins for Editor in 0.00 ms.
Mono: successfully reloaded assembly
- Completed reload, in  6.914 seconds
Platform modules already initialized, skipping
Refreshing native plugins compatible for Editor in 4.86 ms, found 1 plugins.
Preloading 0 native plugins for Editor in 0.00 ms.
Unloading 1807 Unused Serialized files (Serialized files now loaded: 0)
System memory in use before: 89.3 MB.
System memory in use after: 89.3 MB.

Unloading 12 unused Assets to reduce memory usage. Loaded Objects now: 2288.
Total: 5.513900 ms (FindLiveObjects: 1.080300 ms CreateObjectMapping: 0.178900 ms MarkObjects: 3.465100 ms  DeleteObjects: 0.781800 ms)

========================================================================
Received Import Request.
  Time since last request: 57.263067 seconds.
  path: Assets/Enemy.prefab
  artifactKey: Guid(524ba6557445cf542a5cb7675772f4a9) Importer(815301076,1909f56bfc062723c751e8b465ee728b)
Start importing Assets/Enemy.prefab using Guid(524ba6557445cf542a5cb7675772f4a9) Importer(815301076,1909f56bfc062723c751e8b465ee728b)  -> (artifact id: 'a509fcfcdeb616cf987bb88d6e826253') in 0.119985 seconds
  Import took 0.159297 seconds .

========================================================================
Received Prepare
Registering precompiled user dll's ...
Registered in 0.003972 seconds.
Begin MonoManager ReloadAssembly
Native extension for WindowsStandalone target not found
Native extension for WebGL target not found
Refreshing native plugins compatible for Editor in 3.34 ms, found 1 plugins.
Preloading 0 native plugins for Editor in 0.00 ms.
Mono: successfully reloaded assembly
- Completed reload, in  8.999 seconds
Platform modules already initialized, skipping
Refreshing native plugins compatible for Editor in 1.50 ms, found 1 plugins.
Preloading 0 native plugins for Editor in 0.00 ms.
Unloading 1807 Unused Serialized files (Serialized files now loaded: 0)
System memory in use before: 89.4 MB.
System memory in use after: 89.3 MB.

Unloading 12 unused Assets to reduce memory usage. Loaded Objects now: 2293.
Total: 30.066200 ms (FindLiveObjects: 7.860100 ms CreateObjectMapping: 0.094300 ms MarkObjects: 20.257400 ms  DeleteObjects: 1.851300 ms)

========================================================================
Received Import Request.
  Time since last request: 48.681628 seconds.
  path: Assets/Enemy.prefab
  artifactKey: Guid(524ba6557445cf542a5cb7675772f4a9) Importer(815301076,1909f56bfc062723c751e8b465ee728b)
Start importing Assets/Enemy.prefab using Guid(524ba6557445cf542a5cb7675772f4a9) Importer(815301076,1909f56bfc062723c751e8b465ee728b)  -> (artifact id: '0f5738b629735f5847032cc311c92bfc') in 0.853392 seconds
  Import took 0.882428 seconds .

========================================================================
Received Prepare
Registering precompiled user dll's ...
Registered in 0.001175 seconds.
Begin MonoManager ReloadAssembly
Native extension for WindowsStandalone target not found
Native extension for WebGL target not found
Refreshing native plugins compatible for Editor in 0.41 ms, found 1 plugins.
Preloading 0 native plugins for Editor in 0.00 ms.
Mono: successfully reloaded assembly
- Completed reload, in  1.292 seconds
Platform modules already initialized, skipping
Refreshing native plugins compatible for Editor in 1.47 ms, found 1 plugins.
Preloading 0 native plugins for Editor in 0.00 ms.
Unloading 1807 Unused Serialized files (Serialized files now loaded: 0)
System memory in use before: 89.4 MB.
System memory in use after: 89.4 MB.

Unloading 12 unused Assets to reduce memory usage. Loaded Objects now: 2298.
Total: 3.728100 ms (FindLiveObjects: 0.210000 ms CreateObjectMapping: 0.103800 ms MarkObjects: 3.266600 ms  DeleteObjects: 0.145400 ms)

========================================================================
Received Import Request.
  Time since last request: 794.208226 seconds.
  path: ProjectSettings/TagManager.asset
  artifactKey: Guid(00000000000000003000000000000000) Importer(815301076,1909f56bfc062723c751e8b465ee728b)
Start importing ProjectSettings/TagManager.asset using Guid(00000000000000003000000000000000) Importer(815301076,1909f56bfc062723c751e8b465ee728b)  -> (artifact id: '6ea98a731465941fe8e5f552a5d14a5a') in 0.056327 seconds
  Import took 0.065452 seconds .

========================================================================
Received Import Request.
  Time since last request: 64.096985 seconds.
  path: Assets/Materials/BackgroundShader.shader
  artifactKey: Guid(bf3c25473466b4244a98edda7a0f932f) Importer(815301076,1909f56bfc062723c751e8b465ee728b)
Start importing Assets/Materials/BackgroundShader.shader using Guid(bf3c25473466b4244a98edda7a0f932f) Importer(815301076,1909f56bfc062723c751e8b465ee728b)  -> (artifact id: '541eabb33d9572157f10803d6325bf42') in 0.045754 seconds
  Import took 0.061672 seconds .

========================================================================
Received Import Request.
  Time since last request: 7.725855 seconds.
  path: Assets/Materials/BackgroundShader.shader
  artifactKey: Guid(bf3c25473466b4244a98edda7a0f932f) Importer(815301076,1909f56bfc062723c751e8b465ee728b)
Start importing Assets/Materials/BackgroundShader.shader using Guid(bf3c25473466b4244a98edda7a0f932f) Importer(815301076,1909f56bfc062723c751e8b465ee728b)  -> (artifact id: '20e2cf9a0149c831dab0eb7cb25fd3ae') in 0.011403 seconds
  Import took 0.020068 seconds .

========================================================================
Received Import Request.
  Time since last request: 13.632714 seconds.
  path: Assets/Materials/BackgroundShader.shader
  artifactKey: Guid(bf3c25473466b4244a98edda7a0f932f) Importer(815301076,1909f56bfc062723c751e8b465ee728b)
Start importing Assets/Materials/BackgroundShader.shader using Guid(bf3c25473466b4244a98edda7a0f932f) Importer(815301076,1909f56bfc062723c751e8b465ee728b)  -> (artifact id: 'b1b14e37b4ba7456ace57036b4dd1eb7') in 0.025199 seconds
  Import took 0.037117 seconds .

========================================================================
Received Import Request.
  Time since last request: 0.022603 seconds.
  path: Assets/Materials/BackgroundShader.shader
  artifactKey: Guid(bf3c25473466b4244a98edda7a0f932f) Importer(815301076,1909f56bfc062723c751e8b465ee728b)
Start importing Assets/Materials/BackgroundShader.shader using Guid(bf3c25473466b4244a98edda7a0f932f) Importer(815301076,1909f56bfc062723c751e8b465ee728b)  -> (artifact id: 'b1b14e37b4ba7456ace57036b4dd1eb7') in 0.016864 seconds
  Import took 0.023589 seconds .

========================================================================
Received Import Request.
  Time since last request: 5.244212 seconds.
  path: Assets/Materials/BackgroundShader.shader
  artifactKey: Guid(bf3c25473466b4244a98edda7a0f932f) Importer(815301076,1909f56bfc062723c751e8b465ee728b)
Start importing Assets/Materials/BackgroundShader.shader using Guid(bf3c25473466b4244a98edda7a0f932f) Importer(815301076,1909f56bfc062723c751e8b465ee728b)  -> (artifact id: 'ef790a7c0ab46fc930826783c1b6aea5') in 0.038658 seconds
  Import took 0.044861 seconds .

========================================================================
Received Import Request.
  Time since last request: 0.010293 seconds.
  path: Assets/Materials/BackgroundShader.shader
  artifactKey: Guid(bf3c25473466b4244a98edda7a0f932f) Importer(815301076,1909f56bfc062723c751e8b465ee728b)
Start importing Assets/Materials/BackgroundShader.shader using Guid(bf3c25473466b4244a98edda7a0f932f) Importer(815301076,1909f56bfc062723c751e8b465ee728b)  -> (artifact id: 'ef790a7c0ab46fc930826783c1b6aea5') in 0.013617 seconds
  Import took 0.026659 seconds .

========================================================================
Received Import Request.
  Time since last request: 6.273847 seconds.
  path: Assets/Materials/BackgroundShader.shader
  artifactKey: Guid(bf3c25473466b4244a98edda7a0f932f) Importer(815301076,1909f56bfc062723c751e8b465ee728b)
Start importing Assets/Materials/BackgroundShader.shader using Guid(bf3c25473466b4244a98edda7a0f932f) Importer(815301076,1909f56bfc062723c751e8b465ee728b)  -> (artifact id: '2305c6d158ade80db69fcc8c85533d02') in 0.010207 seconds
  Import took 0.037431 seconds .

========================================================================
Received Import Request.
  Time since last request: 0.012774 seconds.
  path: Assets/Materials/BackgroundShader.shader
  artifactKey: Guid(bf3c25473466b4244a98edda7a0f932f) Importer(815301076,1909f56bfc062723c751e8b465ee728b)
Start importing Assets/Materials/BackgroundShader.shader using Guid(bf3c25473466b4244a98edda7a0f932f) Importer(815301076,1909f56bfc062723c751e8b465ee728b)  -> (artifact id: '2305c6d158ade80db69fcc8c85533d02') in 0.019296 seconds
  Import took 0.029208 seconds .

========================================================================
Received Import Request.
  Time since last request: 8.681670 seconds.
  path: Assets/Materials/BackgroundShader.shader
  artifactKey: Guid(bf3c25473466b4244a98edda7a0f932f) Importer(815301076,1909f56bfc062723c751e8b465ee728b)
Start importing Assets/Materials/BackgroundShader.shader using Guid(bf3c25473466b4244a98edda7a0f932f) Importer(815301076,1909f56bfc062723c751e8b465ee728b)  -> (artifact id: '4625970f4de0f67a7c98eb86d4980ee8') in 0.030068 seconds
  Import took 0.042848 seconds .

========================================================================
Received Import Request.
  Time since last request: 0.008490 seconds.
  path: Assets/Materials/BackgroundShader.shader
  artifactKey: Guid(bf3c25473466b4244a98edda7a0f932f) Importer(815301076,1909f56bfc062723c751e8b465ee728b)
Start importing Assets/Materials/BackgroundShader.shader using Guid(bf3c25473466b4244a98edda7a0f932f) Importer(815301076,1909f56bfc062723c751e8b465ee728b)  -> (artifact id: '4625970f4de0f67a7c98eb86d4980ee8') in 0.013316 seconds
  Import took 0.026212 seconds .

========================================================================
Received Import Request.
  Time since last request: 3.860200 seconds.
  path: Assets/Materials/BackgroundShader.shader
  artifactKey: Guid(bf3c25473466b4244a98edda7a0f932f) Importer(815301076,1909f56bfc062723c751e8b465ee728b)
Start importing Assets/Materials/BackgroundShader.shader using Guid(bf3c25473466b4244a98edda7a0f932f) Importer(815301076,1909f56bfc062723c751e8b465ee728b)  -> (artifact id: '72df377f3180fa16955051b7a0416b03') in 0.008457 seconds
  Import took 0.018149 seconds .

========================================================================
Received Import Request.
  Time since last request: 2.809741 seconds.
  path: Assets/Materials/BackgroundShader.shader
  artifactKey: Guid(bf3c25473466b4244a98edda7a0f932f) Importer(815301076,1909f56bfc062723c751e8b465ee728b)
Start importing Assets/Materials/BackgroundShader.shader using Guid(bf3c25473466b4244a98edda7a0f932f) Importer(815301076,1909f56bfc062723c751e8b465ee728b)  -> (artifact id: 'ae9a21fd1353e28aad843e777d8fcedf') in 0.018749 seconds
  Import took 0.040857 seconds .

========================================================================
Received Import Request.
  Time since last request: 0.011151 seconds.
  path: Assets/Materials/BackgroundShader.shader
  artifactKey: Guid(bf3c25473466b4244a98edda7a0f932f) Importer(815301076,1909f56bfc062723c751e8b465ee728b)
Start importing Assets/Materials/BackgroundShader.shader using Guid(bf3c25473466b4244a98edda7a0f932f) Importer(815301076,1909f56bfc062723c751e8b465ee728b)  -> (artifact id: 'ae9a21fd1353e28aad843e777d8fcedf') in 0.022164 seconds
  Import took 0.030653 seconds .

========================================================================
Received Import Request.
  Time since last request: 17.540348 seconds.
  path: Assets/Materials/BackgroundShader.shader
  artifactKey: Guid(bf3c25473466b4244a98edda7a0f932f) Importer(815301076,1909f56bfc062723c751e8b465ee728b)
Start importing Assets/Materials/BackgroundShader.shader using Guid(bf3c25473466b4244a98edda7a0f932f) Importer(815301076,1909f56bfc062723c751e8b465ee728b)  -> (artifact id: '0e969ca9de10ccd2f13104da294adf47') in 0.014676 seconds
  Import took 0.022249 seconds .

========================================================================
Received Prepare
Registering precompiled user dll's ...
Registered in 0.002674 seconds.
Begin MonoManager ReloadAssembly
Native extension for WindowsStandalone target not found
Native extension for WebGL target not found
Refreshing native plugins compatible for Editor in 0.46 ms, found 1 plugins.
Preloading 0 native plugins for Editor in 0.00 ms.
Mono: successfully reloaded assembly
- Completed reload, in  1.603 seconds
Platform modules already initialized, skipping
Refreshing native plugins compatible for Editor in 1.19 ms, found 1 plugins.
Preloading 0 native plugins for Editor in 0.00 ms.
Unloading 1807 Unused Serialized files (Serialized files now loaded: 0)
System memory in use before: 89.4 MB.
System memory in use after: 89.4 MB.

Unloading 13 unused Assets to reduce memory usage. Loaded Objects now: 2302.
Total: 7.330000 ms (FindLiveObjects: 0.633200 ms CreateObjectMapping: 0.214600 ms MarkObjects: 6.158600 ms  DeleteObjects: 0.310900 ms)

========================================================================
Received Import Request.
  Time since last request: 153.839588 seconds.
  path: Assets/Scripts/GameController.cs
  artifactKey: Guid(dd22bd074c56b8c46827b9dd4fd9fc19) Importer(815301076,1909f56bfc062723c751e8b465ee728b)
Start importing Assets/Scripts/GameController.cs using Guid(dd22bd074c56b8c46827b9dd4fd9fc19) Importer(815301076,1909f56bfc062723c751e8b465ee728b)  -> (artifact id: 'cb0461b50433cceabc74fe673e1b86bb') in 0.049733 seconds
  Import took 0.056240 seconds .

========================================================================
Received Import Request.
  Time since last request: 7.167611 seconds.
  path: Assets/Scripts/CharacterMovement.cs
  artifactKey: Guid(ee13812878b3468499779f56cd01bced) Importer(815301076,1909f56bfc062723c751e8b465ee728b)
Start importing Assets/Scripts/CharacterMovement.cs using Guid(ee13812878b3468499779f56cd01bced) Importer(815301076,1909f56bfc062723c751e8b465ee728b)  -> (artifact id: '6e0ca3be13cb9819c0d2894de54caabb') in 0.038126 seconds
  Import took 0.044983 seconds .

========================================================================
Received Prepare
Registering precompiled user dll's ...
Registered in 0.001305 seconds.
Begin MonoManager ReloadAssembly
Native extension for WindowsStandalone target not found
Native extension for WebGL target not found
Refreshing native plugins compatible for Editor in 0.39 ms, found 1 plugins.
Preloading 0 native plugins for Editor in 0.00 ms.
Mono: successfully reloaded assembly
- Completed reload, in  1.808 seconds
Platform modules already initialized, skipping
Refreshing native plugins compatible for Editor in 0.69 ms, found 1 plugins.
Preloading 0 native plugins for Editor in 0.00 ms.
Unloading 1807 Unused Serialized files (Serialized files now loaded: 0)
System memory in use before: 89.4 MB.
System memory in use after: 89.4 MB.

Unloading 12 unused Assets to reduce memory usage. Loaded Objects now: 2306.
Total: 5.053600 ms (FindLiveObjects: 0.764000 ms CreateObjectMapping: 0.524700 ms MarkObjects: 3.519600 ms  DeleteObjects: 0.241500 ms)

========================================================================
Received Import Request.
  Time since last request: 79.891026 seconds.
  path: Assets/Scripts/CharacterMovement.cs
  artifactKey: Guid(ee13812878b3468499779f56cd01bced) Importer(815301076,1909f56bfc062723c751e8b465ee728b)
Start importing Assets/Scripts/CharacterMovement.cs using Guid(ee13812878b3468499779f56cd01bced) Importer(815301076,1909f56bfc062723c751e8b465ee728b)  -> (artifact id: 'ad442baf7992a84b377499200c271103') in 0.010298 seconds
  Import took 0.015499 seconds .

========================================================================
Received Prepare
Registering precompiled user dll's ...
Registered in 0.001445 seconds.
Begin MonoManager ReloadAssembly
Native extension for WindowsStandalone target not found
Native extension for WebGL target not found
Refreshing native plugins compatible for Editor in 1.15 ms, found 1 plugins.
Preloading 0 native plugins for Editor in 0.00 ms.
Mono: successfully reloaded assembly
- Completed reload, in  3.841 seconds
Platform modules already initialized, skipping
Refreshing native plugins compatible for Editor in 4.68 ms, found 1 plugins.
Preloading 0 native plugins for Editor in 0.00 ms.
Unloading 1807 Unused Serialized files (Serialized files now loaded: 0)
System memory in use before: 89.4 MB.
System memory in use after: 89.4 MB.

Unloading 12 unused Assets to reduce memory usage. Loaded Objects now: 2310.
Total: 18.132500 ms (FindLiveObjects: 0.757100 ms CreateObjectMapping: 0.375600 ms MarkObjects: 16.495200 ms  DeleteObjects: 0.500700 ms)

========================================================================
Received Import Request.
  Time since last request: 45.262105 seconds.
  path: Assets/Scripts/CharacterMovement.cs
  artifactKey: Guid(ee13812878b3468499779f56cd01bced) Importer(815301076,1909f56bfc062723c751e8b465ee728b)
Start importing Assets/Scripts/CharacterMovement.cs using Guid(ee13812878b3468499779f56cd01bced) Importer(815301076,1909f56bfc062723c751e8b465ee728b)  -> (artifact id: 'd7c211c5c3fe961c398b9de13361ff36') in 0.044601 seconds
  Import took 0.053556 seconds .

========================================================================
Received Prepare
Registering precompiled user dll's ...
Registered in 0.001478 seconds.
Begin MonoManager ReloadAssembly
Native extension for WindowsStandalone target not found
Native extension for WebGL target not found
Refreshing native plugins compatible for Editor in 0.52 ms, found 1 plugins.
Preloading 0 native plugins for Editor in 0.00 ms.
Mono: successfully reloaded assembly
- Completed reload, in  1.645 seconds
Platform modules already initialized, skipping
Refreshing native plugins compatible for Editor in 1.08 ms, found 1 plugins.
Preloading 0 native plugins for Editor in 0.00 ms.
Unloading 1807 Unused Serialized files (Serialized files now loaded: 0)
System memory in use before: 89.4 MB.
System memory in use after: 89.4 MB.

Unloading 12 unused Assets to reduce memory usage. Loaded Objects now: 2314.
Total: 2.514200 ms (FindLiveObjects: 0.200800 ms CreateObjectMapping: 0.249200 ms MarkObjects: 1.935500 ms  DeleteObjects: 0.126800 ms)

========================================================================
Received Prepare
Registering precompiled user dll's ...
Registered in 0.003137 seconds.
Begin MonoManager ReloadAssembly
Native extension for WindowsStandalone target not found
Native extension for WebGL target not found
Refreshing native plugins compatible for Editor in 0.40 ms, found 1 plugins.
Preloading 0 native plugins for Editor in 0.00 ms.
Mono: successfully reloaded assembly
- Completed reload, in  1.380 seconds
Platform modules already initialized, skipping
Refreshing native plugins compatible for Editor in 0.87 ms, found 1 plugins.
Preloading 0 native plugins for Editor in 0.00 ms.
Unloading 1807 Unused Serialized files (Serialized files now loaded: 0)
System memory in use before: 89.4 MB.
System memory in use after: 89.4 MB.

Unloading 12 unused Assets to reduce memory usage. Loaded Objects now: 2318.
Total: 3.908900 ms (FindLiveObjects: 0.358600 ms CreateObjectMapping: 0.153300 ms MarkObjects: 3.248200 ms  DeleteObjects: 0.146900 ms)

========================================================================
Received Prepare
Registering precompiled user dll's ...
Registered in 0.001301 seconds.
Begin MonoManager ReloadAssembly
Native extension for WindowsStandalone target not found
Native extension for WebGL target not found
Refreshing native plugins compatible for Editor in 0.64 ms, found 1 plugins.
Preloading 0 native plugins for Editor in 0.00 ms.
Mono: successfully reloaded assembly
- Completed reload, in  1.567 seconds
Platform modules already initialized, skipping
Refreshing native plugins compatible for Editor in 0.92 ms, found 1 plugins.
Preloading 0 native plugins for Editor in 0.00 ms.
Unloading 1807 Unused Serialized files (Serialized files now loaded: 0)
System memory in use before: 89.4 MB.
System memory in use after: 89.4 MB.

Unloading 12 unused Assets to reduce memory usage. Loaded Objects now: 2322.
Total: 2.458200 ms (FindLiveObjects: 0.201900 ms CreateObjectMapping: 0.156200 ms MarkObjects: 1.959900 ms  DeleteObjects: 0.138800 ms)

========================================================================
Received Prepare
Registering precompiled user dll's ...
Registered in 0.001424 seconds.
Begin MonoManager ReloadAssembly
Native extension for WindowsStandalone target not found
Native extension for WebGL target not found
Refreshing native plugins compatible for Editor in 0.61 ms, found 1 plugins.
Preloading 0 native plugins for Editor in 0.00 ms.
Mono: successfully reloaded assembly
- Completed reload, in  2.146 seconds
Platform modules already initialized, skipping
Refreshing native plugins compatible for Editor in 0.66 ms, found 1 plugins.
Preloading 0 native plugins for Editor in 0.00 ms.
Unloading 1807 Unused Serialized files (Serialized files now loaded: 0)
System memory in use before: 89.5 MB.
System memory in use after: 89.4 MB.

Unloading 12 unused Assets to reduce memory usage. Loaded Objects now: 2326.
Total: 3.992200 ms (FindLiveObjects: 0.317000 ms CreateObjectMapping: 0.171500 ms MarkObjects: 3.332200 ms  DeleteObjects: 0.169000 ms)

========================================================================
Received Prepare
Registering precompiled user dll's ...
Registered in 0.003646 seconds.
Begin MonoManager ReloadAssembly
Native extension for WindowsStandalone target not found
Native extension for WebGL target not found
Refreshing native plugins compatible for Editor in 0.64 ms, found 1 plugins.
Preloading 0 native plugins for Editor in 0.00 ms.
Mono: successfully reloaded assembly
- Completed reload, in  2.101 seconds
Platform modules already initialized, skipping
Refreshing native plugins compatible for Editor in 0.73 ms, found 1 plugins.
Preloading 0 native plugins for Editor in 0.00 ms.
Unloading 1807 Unused Serialized files (Serialized files now loaded: 0)
System memory in use before: 89.5 MB.
System memory in use after: 89.4 MB.

Unloading 12 unused Assets to reduce memory usage. Loaded Objects now: 2330.
Total: 2.564900 ms (FindLiveObjects: 0.191500 ms CreateObjectMapping: 0.074400 ms MarkObjects: 2.155100 ms  DeleteObjects: 0.142000 ms)

========================================================================
Received Import Request.
  Time since last request: 2851.628022 seconds.
  path: Assets/Scripts/CharacterMovement.cs
  artifactKey: Guid(ee13812878b3468499779f56cd01bced) Importer(815301076,1909f56bfc062723c751e8b465ee728b)
Start importing Assets/Scripts/CharacterMovement.cs using Guid(ee13812878b3468499779f56cd01bced) Importer(815301076,1909f56bfc062723c751e8b465ee728b)  -> (artifact id: '1c612cc1dc5148a84c0e4def9ca83adc') in 0.022508 seconds
  Import took 0.044188 seconds .

========================================================================
Received Prepare
Registering precompiled user dll's ...
Registered in 0.003442 seconds.
Begin MonoManager ReloadAssembly
Native extension for WindowsStandalone target not found
Native extension for WebGL target not found
Refreshing native plugins compatible for Editor in 0.41 ms, found 1 plugins.
Preloading 0 native plugins for Editor in 0.00 ms.
Mono: successfully reloaded assembly
- Completed reload, in  1.850 seconds
Platform modules already initialized, skipping
Refreshing native plugins compatible for Editor in 0.67 ms, found 1 plugins.
Preloading 0 native plugins for Editor in 0.00 ms.
Unloading 1807 Unused Serialized files (Serialized files now loaded: 0)
System memory in use before: 89.5 MB.
System memory in use after: 89.5 MB.

Unloading 12 unused Assets to reduce memory usage. Loaded Objects now: 2334.
Total: 4.653700 ms (FindLiveObjects: 0.450300 ms CreateObjectMapping: 0.225200 ms MarkObjects: 3.820200 ms  DeleteObjects: 0.156100 ms)

========================================================================
Received Prepare
Registering precompiled user dll's ...
Registered in 0.001708 seconds.
Begin MonoManager ReloadAssembly
Native extension for WindowsStandalone target not found
Native extension for WebGL target not found
Refreshing native plugins compatible for Editor in 0.49 ms, found 1 plugins.
Preloading 0 native plugins for Editor in 0.00 ms.
Mono: successfully reloaded assembly
- Completed reload, in  1.884 seconds
Platform modules already initialized, skipping
Refreshing native plugins compatible for Editor in 1.10 ms, found 1 plugins.
Preloading 0 native plugins for Editor in 0.00 ms.
Unloading 1807 Unused Serialized files (Serialized files now loaded: 0)
System memory in use before: 89.5 MB.
System memory in use after: 89.5 MB.

Unloading 12 unused Assets to reduce memory usage. Loaded Objects now: 2338.
Total: 3.894500 ms (FindLiveObjects: 0.316300 ms CreateObjectMapping: 0.236800 ms MarkObjects: 2.843400 ms  DeleteObjects: 0.494000 ms)

========================================================================
Received Prepare
Registering precompiled user dll's ...
Registered in 0.001425 seconds.
Begin MonoManager ReloadAssembly
Native extension for WindowsStandalone target not found
Native extension for WebGL target not found
Refreshing native plugins compatible for Editor in 0.44 ms, found 1 plugins.
Preloading 0 native plugins for Editor in 0.00 ms.
Mono: successfully reloaded assembly
- Completed reload, in  3.334 seconds
Platform modules already initialized, skipping
Refreshing native plugins compatible for Editor in 1.11 ms, found 1 plugins.
Preloading 0 native plugins for Editor in 0.00 ms.
Unloading 1807 Unused Serialized files (Serialized files now loaded: 0)
System memory in use before: 89.5 MB.
System memory in use after: 89.5 MB.

Unloading 12 unused Assets to reduce memory usage. Loaded Objects now: 2342.
Total: 3.048700 ms (FindLiveObjects: 0.191900 ms CreateObjectMapping: 0.075900 ms MarkObjects: 2.623100 ms  DeleteObjects: 0.156000 ms)

========================================================================
Received Prepare
Registering precompiled user dll's ...
Registered in 0.001385 seconds.
Begin MonoManager ReloadAssembly
Native extension for WindowsStandalone target not found
Native extension for WebGL target not found
Refreshing native plugins compatible for Editor in 1.24 ms, found 1 plugins.
Preloading 0 native plugins for Editor in 0.00 ms.
Mono: successfully reloaded assembly
- Completed reload, in  4.798 seconds
Platform modules already initialized, skipping
Refreshing native plugins compatible for Editor in 2.73 ms, found 1 plugins.
Preloading 0 native plugins for Editor in 0.00 ms.
Unloading 1807 Unused Serialized files (Serialized files now loaded: 0)
System memory in use before: 89.5 MB.
System memory in use after: 89.5 MB.

Unloading 12 unused Assets to reduce memory usage. Loaded Objects now: 2346.
Total: 8.354900 ms (FindLiveObjects: 0.360600 ms CreateObjectMapping: 0.115600 ms MarkObjects: 7.507000 ms  DeleteObjects: 0.367600 ms)

========================================================================
Received Prepare
Registering precompiled user dll's ...
Registered in 0.001464 seconds.
Begin MonoManager ReloadAssembly
Native extension for WindowsStandalone target not found
Native extension for WebGL target not found
Refreshing native plugins compatible for Editor in 0.53 ms, found 1 plugins.
Preloading 0 native plugins for Editor in 0.00 ms.
Mono: successfully reloaded assembly
- Completed reload, in  1.919 seconds
Platform modules already initialized, skipping
Refreshing native plugins compatible for Editor in 0.83 ms, found 1 plugins.
Preloading 0 native plugins for Editor in 0.00 ms.
Unloading 1807 Unused Serialized files (Serialized files now loaded: 0)
System memory in use before: 89.5 MB.
System memory in use after: 89.5 MB.

Unloading 12 unused Assets to reduce memory usage. Loaded Objects now: 2350.
Total: 2.965500 ms (FindLiveObjects: 0.355800 ms CreateObjectMapping: 0.103300 ms MarkObjects: 2.365700 ms  DeleteObjects: 0.138600 ms)

========================================================================
Received Prepare
Registering precompiled user dll's ...
Registered in 0.001561 seconds.
Begin MonoManager ReloadAssembly
Native extension for WindowsStandalone target not found
Native extension for WebGL target not found
Refreshing native plugins compatible for Editor in 0.51 ms, found 1 plugins.
Preloading 0 native plugins for Editor in 0.00 ms.
Mono: successfully reloaded assembly
- Completed reload, in  1.788 seconds
Platform modules already initialized, skipping
Refreshing native plugins compatible for Editor in 1.05 ms, found 1 plugins.
Preloading 0 native plugins for Editor in 0.00 ms.
Unloading 1807 Unused Serialized files (Serialized files now loaded: 0)
System memory in use before: 89.5 MB.
System memory in use after: 89.5 MB.

Unloading 12 unused Assets to reduce memory usage. Loaded Objects now: 2354.
Total: 4.533700 ms (FindLiveObjects: 0.544800 ms CreateObjectMapping: 0.160000 ms MarkObjects: 3.592600 ms  DeleteObjects: 0.234100 ms)

========================================================================
Received Prepare
Registering precompiled user dll's ...
Registered in 0.001204 seconds.
Begin MonoManager ReloadAssembly
Native extension for WindowsStandalone target not found
Native extension for WebGL target not found
Refreshing native plugins compatible for Editor in 0.42 ms, found 1 plugins.
Preloading 0 native plugins for Editor in 0.00 ms.
Mono: successfully reloaded assembly
- Completed reload, in  2.062 seconds
Platform modules already initialized, skipping
Refreshing native plugins compatible for Editor in 1.00 ms, found 1 plugins.
Preloading 0 native plugins for Editor in 0.00 ms.
Unloading 1807 Unused Serialized files (Serialized files now loaded: 0)
System memory in use before: 89.5 MB.
System memory in use after: 89.5 MB.

Unloading 12 unused Assets to reduce memory usage. Loaded Objects now: 2358.
Total: 2.616100 ms (FindLiveObjects: 0.221500 ms CreateObjectMapping: 0.084900 ms MarkObjects: 2.172500 ms  DeleteObjects: 0.135300 ms)

========================================================================
Received Prepare
Registering precompiled user dll's ...
Registered in 0.001950 seconds.
Begin MonoManager ReloadAssembly
Native extension for WindowsStandalone target not found
Native extension for WebGL target not found
Refreshing native plugins compatible for Editor in 0.75 ms, found 1 plugins.
Preloading 0 native plugins for Editor in 0.00 ms.
Mono: successfully reloaded assembly
- Completed reload, in  2.202 seconds
Platform modules already initialized, skipping
Refreshing native plugins compatible for Editor in 0.71 ms, found 1 plugins.
Preloading 0 native plugins for Editor in 0.00 ms.
Unloading 1807 Unused Serialized files (Serialized files now loaded: 0)
System memory in use before: 89.5 MB.
System memory in use after: 89.5 MB.

Unloading 12 unused Assets to reduce memory usage. Loaded Objects now: 2362.
Total: 2.857900 ms (FindLiveObjects: 0.344800 ms CreateObjectMapping: 0.124100 ms MarkObjects: 2.239100 ms  DeleteObjects: 0.147800 ms)

========================================================================
Received Prepare
Registering precompiled user dll's ...
Registered in 0.017064 seconds.
Begin MonoManager ReloadAssembly
Native extension for WindowsStandalone target not found
Native extension for WebGL target not found
Refreshing native plugins compatible for Editor in 0.46 ms, found 1 plugins.
Preloading 0 native plugins for Editor in 0.00 ms.
Mono: successfully reloaded assembly
- Completed reload, in  2.437 seconds
Platform modules already initialized, skipping
Refreshing native plugins compatible for Editor in 0.83 ms, found 1 plugins.
Preloading 0 native plugins for Editor in 0.00 ms.
Unloading 1807 Unused Serialized files (Serialized files now loaded: 0)
System memory in use before: 89.6 MB.
System memory in use after: 89.5 MB.

Unloading 12 unused Assets to reduce memory usage. Loaded Objects now: 2366.
Total: 12.651400 ms (FindLiveObjects: 0.509600 ms CreateObjectMapping: 0.211600 ms MarkObjects: 11.643400 ms  DeleteObjects: 0.282600 ms)

AssetImportWorkerClient::OnTransportError - code=2 error=End of file
